<?xml version="1.0" encoding="UTF-8"?>
<testsuite name="hexlet.code.ValidatorTest" tests="1" skipped="0" failures="0" errors="0" timestamp="2024-10-10T11:12:43" hostname="gg-ms7e28" time="0.007">
  <properties/>
  <testcase name="testMapSchemaWithShape()" classname="hexlet.code.ValidatorTest" time="0.007"/>
  <system-out><![CDATA[]]></system-out>
  <system-err><![CDATA[]]></system-err>
</testsuite>
